0 info it worked if it ends with ok
1 verbose cli [ '/usr/bin/nodejs', '/usr/bin/npm', 'run', 'test' ]
2 info using npm@4.0.5
3 info using node@v7.4.0
4 verbose run-script [ 'pretest', 'test', 'posttest' ]
5 info lifecycle node-js-intro-to-bookshelf@1.0.0~pretest: node-js-intro-to-bookshelf@1.0.0
6 silly lifecycle node-js-intro-to-bookshelf@1.0.0~pretest: no script for pretest, continuing
7 info lifecycle node-js-intro-to-bookshelf@1.0.0~test: node-js-intro-to-bookshelf@1.0.0
8 verbose lifecycle node-js-intro-to-bookshelf@1.0.0~test: unsafe-perm in lifecycle true
9 verbose lifecycle node-js-intro-to-bookshelf@1.0.0~test: PATH: /usr/lib/node_modules/npm/bin/node-gyp-bin:/home/pvasireddy/Desktop/tutorials/javascript_tuts/express-bookshelf-starter/node_modules/.bin:/home/pvasireddy/bin:/home/pvasireddy/.local/bin:/usr/local/sbin:/usr/local/bin:/usr/sbin:/usr/bin:/sbin:/bin:/usr/games:/usr/local/games:/snap/bin:/home/pvasireddy/.rvm/bin:/home/pvasireddy/.rvm/bin:/home/pvasireddy/.config/composer/vendor/bin
10 verbose lifecycle node-js-intro-to-bookshelf@1.0.0~test: CWD: /home/pvasireddy/Desktop/tutorials/javascript_tuts/express-bookshelf-starter
11 silly lifecycle node-js-intro-to-bookshelf@1.0.0~test: Args: [ '-c',
11 silly lifecycle   'export NODE_ENV=testing; mocha -R mocha-multi --reporter-options spec=-,json=.results.json' ]
12 silly lifecycle node-js-intro-to-bookshelf@1.0.0~test: Returned: code: 1  signal: null
13 info lifecycle node-js-intro-to-bookshelf@1.0.0~test: Failed to exec test script
14 verbose stack Error: node-js-intro-to-bookshelf@1.0.0 test: `export NODE_ENV=testing; mocha -R mocha-multi --reporter-options spec=-,json=.results.json`
14 verbose stack Exit status 1
14 verbose stack     at EventEmitter.<anonymous> (/usr/lib/node_modules/npm/lib/utils/lifecycle.js:279:16)
14 verbose stack     at emitTwo (events.js:106:13)
14 verbose stack     at EventEmitter.emit (events.js:191:7)
14 verbose stack     at ChildProcess.<anonymous> (/usr/lib/node_modules/npm/lib/utils/spawn.js:40:14)
14 verbose stack     at emitTwo (events.js:106:13)
14 verbose stack     at ChildProcess.emit (events.js:191:7)
14 verbose stack     at maybeClose (internal/child_process.js:885:16)
14 verbose stack     at Process.ChildProcess._handle.onexit (internal/child_process.js:226:5)
15 verbose pkgid node-js-intro-to-bookshelf@1.0.0
16 verbose cwd /home/pvasireddy/Desktop/tutorials/javascript_tuts/express-bookshelf-starter
17 error Linux 4.4.0-62-generic
18 error argv "/usr/bin/nodejs" "/usr/bin/npm" "run" "test"
19 error node v7.4.0
20 error npm  v4.0.5
21 error code ELIFECYCLE
22 error node-js-intro-to-bookshelf@1.0.0 test: `export NODE_ENV=testing; mocha -R mocha-multi --reporter-options spec=-,json=.results.json`
22 error Exit status 1
23 error Failed at the node-js-intro-to-bookshelf@1.0.0 test script 'export NODE_ENV=testing; mocha -R mocha-multi --reporter-options spec=-,json=.results.json'.
23 error Make sure you have the latest version of node.js and npm installed.
23 error If you do, this is most likely a problem with the node-js-intro-to-bookshelf package,
23 error not with npm itself.
23 error Tell the author that this fails on your system:
23 error     export NODE_ENV=testing; mocha -R mocha-multi --reporter-options spec=-,json=.results.json
23 error You can get information on how to open an issue for this project with:
23 error     npm bugs node-js-intro-to-bookshelf
23 error Or if that isn't available, you can get their info via:
23 error     npm owner ls node-js-intro-to-bookshelf
23 error There is likely additional logging output above.
24 verbose exit [ 1, true ]
